\BOOKMARK [0][-]{section*.2}{Todo list}{}% 1
\BOOKMARK [0][-]{section*.3}{Rozdzia\233 1. Wstep}{}% 2
\BOOKMARK [0][-]{section*.6}{Rozdzia\233 2. Przeglad istniejacych rozwiazan}{}% 3
\BOOKMARK [1][-]{subsection.2.0.1}{2.0.1. \040Rekomendacja muzyki}{section*.6}% 4
\BOOKMARK [2][-]{subsection.2.0.2}{2.0.2. \040Rekomendacja film\363w}{subsection.2.0.1}% 5
\BOOKMARK [2][-]{subsection.2.0.3}{2.0.3. \040Platformy typu e-commerce}{subsection.2.0.1}% 6
\BOOKMARK [1][-]{section.2.1}{2.1. \040Techniki rekomendacji}{section*.6}% 7
\BOOKMARK [1][-]{section.2.2}{2.2. \040Filtrowanie kolaboratywne}{section*.6}% 8
\BOOKMARK [2][-]{subsection.2.2.1}{2.2.1. \040Zalety filtrowania kolaboratywnego}{section.2.2}% 9
\BOOKMARK [2][-]{subsection.2.2.2}{2.2.2. \040Wady filtrowania kolaboratywnego}{section.2.2}% 10
\BOOKMARK [2][-]{subsection.2.2.3}{2.2.3. \040Algorytmy filtrowania kolaboratywnego}{section.2.2}% 11
\BOOKMARK [1][-]{section.2.3}{2.3. \040Filtrowanie z analiza zawartosci}{section*.6}% 12
\BOOKMARK [2][-]{subsection.2.3.1}{2.3.1. \040Zalety filtrowania z analiza zawartosci}{section.2.3}% 13
\BOOKMARK [2][-]{subsection.2.3.2}{2.3.2. \040Wady filtrowania z analiza zawartosci}{section.2.3}% 14
\BOOKMARK [2][-]{subsection.2.3.3}{2.3.3. \040Metody tworzenia profilu uzytkownika}{section.2.3}% 15
\BOOKMARK [2][-]{subsection.2.3.4}{2.3.4. \040Algorytmy wykorzystywane w implementacji filtrowania z analiza zawartosci}{section.2.3}% 16
\BOOKMARK [1][-]{section.2.4}{2.4. \040Algorytmy hybrydowe}{section*.6}% 17
\BOOKMARK [0][-]{section*.25}{Rozdzia\233 3. Algorytmy}{}% 18
\BOOKMARK [1][-]{section.3.1}{3.1. \040Model systemu}{section*.25}% 19
\BOOKMARK [1][-]{section.3.2}{3.2. \040Propozycja algorytmu filtrowania z analiza zawartosci}{section*.25}% 20
\BOOKMARK [2][-]{subsection.3.2.1}{3.2.1. \040Struktura perceptron\363w i funkcja aktywacji}{section.3.2}% 21
\BOOKMARK [2][-]{subsection.3.2.2}{3.2.2. \040Struktura sieci i przebieg algorytmu}{section.3.2}% 22
\BOOKMARK [2][-]{subsection.3.2.3}{3.2.3. \040Uczenie sieci neuronowej}{section.3.2}% 23
\BOOKMARK [1][-]{section.3.3}{3.3. \040Propozycja nowych algorytm\363w hybrydowych}{section*.25}% 24
\BOOKMARK [2][-]{subsection.3.3.1}{3.3.1. \040Zalety zaproponowanych metod}{section.3.3}% 25
\BOOKMARK [2][-]{subsection.3.3.2}{3.3.2. \040Wady zaproponowanych metod}{section.3.3}% 26
\BOOKMARK [0][-]{section*.34}{Rozdzia\233 4. Ocena eksperymentalna}{}% 27
\BOOKMARK [1][-]{section.4.1}{4.1. \040Opis metody badawczej}{section*.34}% 28
\BOOKMARK [2][-]{subsection.4.1.1}{4.1.1. \040Miara oceny}{section.4.1}% 29
\BOOKMARK [2][-]{subsection.4.1.2}{4.1.2. \040Zbiory danych}{section.4.1}% 30
\BOOKMARK [1][-]{section.4.2}{4.2. \040Srodowisko symulacyjne}{section*.34}% 31
\BOOKMARK [2][-]{subsection.4.2.1}{4.2.1. \040Oprogramowanie}{section.4.2}% 32
\BOOKMARK [2][-]{subsection.4.2.2}{4.2.2. \040Sprzet}{section.4.2}% 33
\BOOKMARK [1][-]{section.4.3}{4.3. \040Przeprowadzone eksperymenty}{section*.34}% 34
\BOOKMARK [2][-]{subsection.4.3.1}{4.3.1. \040Dopasowanie parametr\363w sieci neuronowej}{section.4.3}% 35
\BOOKMARK [2][-]{subsection.4.3.2}{4.3.2. \040Por\363wnanie zaproponowanych algorytm\363w hybrydowych z filtrowaniem z analiza zawartosci i filtrowaniem kolaboratywnym}{section.4.3}% 36
\BOOKMARK [2][-]{subsection.4.3.3}{4.3.3. \040Analiza statystyczna wynik\363w}{section.4.3}% 37
\BOOKMARK [0][-]{section*.69}{Rozdzia\233 5. Wnioski}{}% 38
\BOOKMARK [0][-]{section*.71}{Dodatek A. Appendix 1}{}% 39
\BOOKMARK [0][-]{section*.73}{Bibliografia}{}% 40
